<?xml version="1.0" encoding="UTF-8"?>
<testsuite name="InventoryController.ShapeTest" tests="3" skipped="0" failures="0" errors="0" timestamp="2018-10-24T14:09:14" hostname="MSOE-C5NFNQ2" time="0.004">
  <properties/>
  <testcase name="getHeight" classname="InventoryController.ShapeTest" time="0.003"/>
  <testcase name="failedTest" classname="InventoryController.ShapeTest" time="0.0"/>
  <testcase name="getWidth" classname="InventoryController.ShapeTest" time="0.001"/>
  <system-out><![CDATA[]]></system-out>
  <system-err><![CDATA[]]></system-err>
</testsuite>
